CRITICAL - 2023-11-18 06:19:24 --> Attempt to read property "images" on array
in APPPATH\Controllers\MainController.php on line 109.
 1 APPPATH\Controllers\MainController.php(109): CodeIgniter\Debug\Exceptions->errorHandler(2, 'Attempt to read property "images" on array', 'C:\\Users\\PC\\laragon\\www\\BALMES-CARINGAL-MANALO-FINALPROJECT\\backend\\app\\Controllers\\MainController.php', 109)
 2 SYSTEMPATH\CodeIgniter.php(942): App\Controllers\MainController->fetchData()
 3 SYSTEMPATH\CodeIgniter.php(502): CodeIgniter\CodeIgniter->runController(Object(App\Controllers\MainController))
 4 SYSTEMPATH\CodeIgniter.php(361): CodeIgniter\CodeIgniter->handleRequest(null, Object(Config\Cache), false)
 5 FCPATH\index.php(85): CodeIgniter\CodeIgniter->run()
CRITICAL - 2023-11-18 06:19:24 --> Attempt to read property "images" on array
in APPPATH\Controllers\MainController.php on line 109.
 1 APPPATH\Controllers\MainController.php(109): CodeIgniter\Debug\Exceptions->errorHandler(2, 'Attempt to read property "images" on array', 'C:\\Users\\PC\\laragon\\www\\BALMES-CARINGAL-MANALO-FINALPROJECT\\backend\\app\\Controllers\\MainController.php', 109)
 2 SYSTEMPATH\CodeIgniter.php(942): App\Controllers\MainController->fetchData()
 3 SYSTEMPATH\CodeIgniter.php(502): CodeIgniter\CodeIgniter->runController(Object(App\Controllers\MainController))
 4 SYSTEMPATH\CodeIgniter.php(361): CodeIgniter\CodeIgniter->handleRequest(null, Object(Config\Cache), false)
 5 FCPATH\index.php(85): CodeIgniter\CodeIgniter->run()
CRITICAL - 2023-11-18 06:19:30 --> Attempt to read property "images" on array
in APPPATH\Controllers\MainController.php on line 109.
 1 APPPATH\Controllers\MainController.php(109): CodeIgniter\Debug\Exceptions->errorHandler(2, 'Attempt to read property "images" on array', 'C:\\Users\\PC\\laragon\\www\\BALMES-CARINGAL-MANALO-FINALPROJECT\\backend\\app\\Controllers\\MainController.php', 109)
 2 SYSTEMPATH\CodeIgniter.php(942): App\Controllers\MainController->fetchData()
 3 SYSTEMPATH\CodeIgniter.php(502): CodeIgniter\CodeIgniter->runController(Object(App\Controllers\MainController))
 4 SYSTEMPATH\CodeIgniter.php(361): CodeIgniter\CodeIgniter->handleRequest(null, Object(Config\Cache), false)
 5 FCPATH\index.php(85): CodeIgniter\CodeIgniter->run()
CRITICAL - 2023-11-18 06:19:53 --> Attempt to read property "images" on array
in APPPATH\Controllers\MainController.php on line 109.
 1 APPPATH\Controllers\MainController.php(109): CodeIgniter\Debug\Exceptions->errorHandler(2, 'Attempt to read property "images" on array', 'C:\\Users\\PC\\laragon\\www\\BALMES-CARINGAL-MANALO-FINALPROJECT\\backend\\app\\Controllers\\MainController.php', 109)
 2 SYSTEMPATH\CodeIgniter.php(942): App\Controllers\MainController->fetchData()
 3 SYSTEMPATH\CodeIgniter.php(502): CodeIgniter\CodeIgniter->runController(Object(App\Controllers\MainController))
 4 SYSTEMPATH\CodeIgniter.php(361): CodeIgniter\CodeIgniter->handleRequest(null, Object(Config\Cache), false)
 5 FCPATH\index.php(85): CodeIgniter\CodeIgniter->run()
CRITICAL - 2023-11-18 06:20:00 --> Attempt to read property "images" on array
in APPPATH\Controllers\MainController.php on line 109.
 1 APPPATH\Controllers\MainController.php(109): CodeIgniter\Debug\Exceptions->errorHandler(2, 'Attempt to read property "images" on array', 'C:\\Users\\PC\\laragon\\www\\BALMES-CARINGAL-MANALO-FINALPROJECT\\backend\\app\\Controllers\\MainController.php', 109)
 2 SYSTEMPATH\CodeIgniter.php(942): App\Controllers\MainController->fetchData()
 3 SYSTEMPATH\CodeIgniter.php(502): CodeIgniter\CodeIgniter->runController(Object(App\Controllers\MainController))
 4 SYSTEMPATH\CodeIgniter.php(361): CodeIgniter\CodeIgniter->handleRequest(null, Object(Config\Cache), false)
 5 FCPATH\index.php(85): CodeIgniter\CodeIgniter->run()
CRITICAL - 2023-11-18 06:34:07 --> Unclosed '{' on line 14
in APPPATH\Controllers\MainController.php on line 122.
 1 SYSTEMPATH\Autoloader\Autoloader.php(291): CodeIgniter\Autoloader\Autoloader->includeFile('C:\\Users\\PC\\laragon\\www\\BALMES-CARINGAL-MANALO-FINALPROJECT\\backend\\app\\Controllers\\MainController.php')
 2 SYSTEMPATH\Autoloader\Autoloader.php(269): CodeIgniter\Autoloader\Autoloader->loadInNamespace('App\\Controllers\\MainController')
 3 [internal function]: CodeIgniter\Autoloader\Autoloader->loadClass('App\\Controllers\\MainController')
 4 SYSTEMPATH\CodeIgniter.php(900): class_exists('\\App\\Controllers\\MainController', true)
 5 SYSTEMPATH\CodeIgniter.php(489): CodeIgniter\CodeIgniter->startController()
 6 SYSTEMPATH\CodeIgniter.php(361): CodeIgniter\CodeIgniter->handleRequest(null, Object(Config\Cache), false)
 7 FCPATH\index.php(85): CodeIgniter\CodeIgniter->run()
CRITICAL - 2023-11-18 06:34:13 --> Unclosed '{' on line 14
in APPPATH\Controllers\MainController.php on line 122.
 1 SYSTEMPATH\Autoloader\Autoloader.php(291): CodeIgniter\Autoloader\Autoloader->includeFile('C:\\Users\\PC\\laragon\\www\\BALMES-CARINGAL-MANALO-FINALPROJECT\\backend\\app\\Controllers\\MainController.php')
 2 SYSTEMPATH\Autoloader\Autoloader.php(269): CodeIgniter\Autoloader\Autoloader->loadInNamespace('App\\Controllers\\MainController')
 3 [internal function]: CodeIgniter\Autoloader\Autoloader->loadClass('App\\Controllers\\MainController')
 4 SYSTEMPATH\CodeIgniter.php(900): class_exists('\\App\\Controllers\\MainController', true)
 5 SYSTEMPATH\CodeIgniter.php(489): CodeIgniter\CodeIgniter->startController()
 6 SYSTEMPATH\CodeIgniter.php(361): CodeIgniter\CodeIgniter->handleRequest(null, Object(Config\Cache), false)
 7 FCPATH\index.php(85): CodeIgniter\CodeIgniter->run()
CRITICAL - 2023-11-18 07:35:28 --> foreach() argument must be of type array|object, null given
in APPPATH\Controllers\MainController.php on line 113.
 1 APPPATH\Controllers\MainController.php(113): CodeIgniter\Debug\Exceptions->errorHandler(2, 'foreach() argument must be of type array|object, null given', 'C:\\Users\\PC\\laragon\\www\\BALMES-CARINGAL-MANALO-FINALPROJECT\\backend\\app\\Controllers\\MainController.php', 113)
 2 SYSTEMPATH\CodeIgniter.php(942): App\Controllers\MainController->fetchData()
 3 SYSTEMPATH\CodeIgniter.php(502): CodeIgniter\CodeIgniter->runController(Object(App\Controllers\MainController))
 4 SYSTEMPATH\CodeIgniter.php(361): CodeIgniter\CodeIgniter->handleRequest(null, Object(Config\Cache), false)
 5 FCPATH\index.php(85): CodeIgniter\CodeIgniter->run()
CRITICAL - 2023-11-18 07:35:29 --> foreach() argument must be of type array|object, null given
in APPPATH\Controllers\MainController.php on line 113.
 1 APPPATH\Controllers\MainController.php(113): CodeIgniter\Debug\Exceptions->errorHandler(2, 'foreach() argument must be of type array|object, null given', 'C:\\Users\\PC\\laragon\\www\\BALMES-CARINGAL-MANALO-FINALPROJECT\\backend\\app\\Controllers\\MainController.php', 113)
 2 SYSTEMPATH\CodeIgniter.php(942): App\Controllers\MainController->fetchData()
 3 SYSTEMPATH\CodeIgniter.php(502): CodeIgniter\CodeIgniter->runController(Object(App\Controllers\MainController))
 4 SYSTEMPATH\CodeIgniter.php(361): CodeIgniter\CodeIgniter->handleRequest(null, Object(Config\Cache), false)
 5 FCPATH\index.php(85): CodeIgniter\CodeIgniter->run()
CRITICAL - 2023-11-18 07:35:51 --> foreach() argument must be of type array|object, null given
in APPPATH\Controllers\MainController.php on line 113.
 1 APPPATH\Controllers\MainController.php(113): CodeIgniter\Debug\Exceptions->errorHandler(2, 'foreach() argument must be of type array|object, null given', 'C:\\Users\\PC\\laragon\\www\\BALMES-CARINGAL-MANALO-FINALPROJECT\\backend\\app\\Controllers\\MainController.php', 113)
 2 SYSTEMPATH\CodeIgniter.php(942): App\Controllers\MainController->fetchData()
 3 SYSTEMPATH\CodeIgniter.php(502): CodeIgniter\CodeIgniter->runController(Object(App\Controllers\MainController))
 4 SYSTEMPATH\CodeIgniter.php(361): CodeIgniter\CodeIgniter->handleRequest(null, Object(Config\Cache), false)
 5 FCPATH\index.php(85): CodeIgniter\CodeIgniter->run()
CRITICAL - 2023-11-18 07:37:39 --> foreach() argument must be of type array|object, null given
in APPPATH\Controllers\MainController.php on line 113.
 1 APPPATH\Controllers\MainController.php(113): CodeIgniter\Debug\Exceptions->errorHandler(2, 'foreach() argument must be of type array|object, null given', 'C:\\Users\\PC\\laragon\\www\\BALMES-CARINGAL-MANALO-FINALPROJECT\\backend\\app\\Controllers\\MainController.php', 113)
 2 SYSTEMPATH\CodeIgniter.php(942): App\Controllers\MainController->fetchData()
 3 SYSTEMPATH\CodeIgniter.php(502): CodeIgniter\CodeIgniter->runController(Object(App\Controllers\MainController))
 4 SYSTEMPATH\CodeIgniter.php(361): CodeIgniter\CodeIgniter->handleRequest(null, Object(Config\Cache), false)
 5 FCPATH\index.php(85): CodeIgniter\CodeIgniter->run()
CRITICAL - 2023-11-18 08:15:48 --> foreach() argument must be of type array|object, null given
in APPPATH\Controllers\MainController.php on line 113.
 1 APPPATH\Controllers\MainController.php(113): CodeIgniter\Debug\Exceptions->errorHandler(2, 'foreach() argument must be of type array|object, null given', 'C:\\Users\\PC\\laragon\\www\\BALMES-CARINGAL-MANALO-FINALPROJECT\\backend\\app\\Controllers\\MainController.php', 113)
 2 SYSTEMPATH\CodeIgniter.php(942): App\Controllers\MainController->fetchData()
 3 SYSTEMPATH\CodeIgniter.php(502): CodeIgniter\CodeIgniter->runController(Object(App\Controllers\MainController))
 4 SYSTEMPATH\CodeIgniter.php(361): CodeIgniter\CodeIgniter->handleRequest(null, Object(Config\Cache), false)
 5 FCPATH\index.php(85): CodeIgniter\CodeIgniter->run()
CRITICAL - 2023-11-18 08:19:08 --> foreach() argument must be of type array|object, null given
in APPPATH\Controllers\MainController.php on line 113.
 1 APPPATH\Controllers\MainController.php(113): CodeIgniter\Debug\Exceptions->errorHandler(2, 'foreach() argument must be of type array|object, null given', 'C:\\Users\\PC\\laragon\\www\\BALMES-CARINGAL-MANALO-FINALPROJECT\\backend\\app\\Controllers\\MainController.php', 113)
 2 SYSTEMPATH\CodeIgniter.php(942): App\Controllers\MainController->fetchData()
 3 SYSTEMPATH\CodeIgniter.php(502): CodeIgniter\CodeIgniter->runController(Object(App\Controllers\MainController))
 4 SYSTEMPATH\CodeIgniter.php(361): CodeIgniter\CodeIgniter->handleRequest(null, Object(Config\Cache), false)
 5 FCPATH\index.php(85): CodeIgniter\CodeIgniter->run()
CRITICAL - 2023-11-18 08:19:28 --> foreach() argument must be of type array|object, null given
in APPPATH\Controllers\MainController.php on line 113.
 1 APPPATH\Controllers\MainController.php(113): CodeIgniter\Debug\Exceptions->errorHandler(2, 'foreach() argument must be of type array|object, null given', 'C:\\Users\\PC\\laragon\\www\\BALMES-CARINGAL-MANALO-FINALPROJECT\\backend\\app\\Controllers\\MainController.php', 113)
 2 SYSTEMPATH\CodeIgniter.php(942): App\Controllers\MainController->fetchData()
 3 SYSTEMPATH\CodeIgniter.php(502): CodeIgniter\CodeIgniter->runController(Object(App\Controllers\MainController))
 4 SYSTEMPATH\CodeIgniter.php(361): CodeIgniter\CodeIgniter->handleRequest(null, Object(Config\Cache), false)
 5 FCPATH\index.php(85): CodeIgniter\CodeIgniter->run()
CRITICAL - 2023-11-18 08:19:40 --> foreach() argument must be of type array|object, null given
in APPPATH\Controllers\MainController.php on line 113.
 1 APPPATH\Controllers\MainController.php(113): CodeIgniter\Debug\Exceptions->errorHandler(2, 'foreach() argument must be of type array|object, null given', 'C:\\Users\\PC\\laragon\\www\\BALMES-CARINGAL-MANALO-FINALPROJECT\\backend\\app\\Controllers\\MainController.php', 113)
 2 SYSTEMPATH\CodeIgniter.php(942): App\Controllers\MainController->fetchData()
 3 SYSTEMPATH\CodeIgniter.php(502): CodeIgniter\CodeIgniter->runController(Object(App\Controllers\MainController))
 4 SYSTEMPATH\CodeIgniter.php(361): CodeIgniter\CodeIgniter->handleRequest(null, Object(Config\Cache), false)
 5 FCPATH\index.php(85): CodeIgniter\CodeIgniter->run()
CRITICAL - 2023-11-18 08:21:53 --> foreach() argument must be of type array|object, null given
in APPPATH\Controllers\MainController.php on line 112.
 1 APPPATH\Controllers\MainController.php(112): CodeIgniter\Debug\Exceptions->errorHandler(2, 'foreach() argument must be of type array|object, null given', 'C:\\Users\\PC\\laragon\\www\\BALMES-CARINGAL-MANALO-FINALPROJECT\\backend\\app\\Controllers\\MainController.php', 112)
 2 SYSTEMPATH\CodeIgniter.php(942): App\Controllers\MainController->fetchData()
 3 SYSTEMPATH\CodeIgniter.php(502): CodeIgniter\CodeIgniter->runController(Object(App\Controllers\MainController))
 4 SYSTEMPATH\CodeIgniter.php(361): CodeIgniter\CodeIgniter->handleRequest(null, Object(Config\Cache), false)
 5 FCPATH\index.php(85): CodeIgniter\CodeIgniter->run()
CRITICAL - 2023-11-18 08:22:29 --> foreach() argument must be of type array|object, null given
in APPPATH\Controllers\MainController.php on line 112.
 1 APPPATH\Controllers\MainController.php(112): CodeIgniter\Debug\Exceptions->errorHandler(2, 'foreach() argument must be of type array|object, null given', 'C:\\Users\\PC\\laragon\\www\\BALMES-CARINGAL-MANALO-FINALPROJECT\\backend\\app\\Controllers\\MainController.php', 112)
 2 SYSTEMPATH\CodeIgniter.php(942): App\Controllers\MainController->fetchData()
 3 SYSTEMPATH\CodeIgniter.php(502): CodeIgniter\CodeIgniter->runController(Object(App\Controllers\MainController))
 4 SYSTEMPATH\CodeIgniter.php(361): CodeIgniter\CodeIgniter->handleRequest(null, Object(Config\Cache), false)
 5 FCPATH\index.php(85): CodeIgniter\CodeIgniter->run()
CRITICAL - 2023-11-18 08:23:38 --> foreach() argument must be of type array|object, null given
in APPPATH\Controllers\MainController.php on line 112.
 1 APPPATH\Controllers\MainController.php(112): CodeIgniter\Debug\Exceptions->errorHandler(2, 'foreach() argument must be of type array|object, null given', 'C:\\Users\\PC\\laragon\\www\\BALMES-CARINGAL-MANALO-FINALPROJECT\\backend\\app\\Controllers\\MainController.php', 112)
 2 SYSTEMPATH\CodeIgniter.php(942): App\Controllers\MainController->fetchData()
 3 SYSTEMPATH\CodeIgniter.php(502): CodeIgniter\CodeIgniter->runController(Object(App\Controllers\MainController))
 4 SYSTEMPATH\CodeIgniter.php(361): CodeIgniter\CodeIgniter->handleRequest(null, Object(Config\Cache), false)
 5 FCPATH\index.php(85): CodeIgniter\CodeIgniter->run()
CRITICAL - 2023-11-18 08:23:52 --> foreach() argument must be of type array|object, null given
in APPPATH\Controllers\MainController.php on line 112.
 1 APPPATH\Controllers\MainController.php(112): CodeIgniter\Debug\Exceptions->errorHandler(2, 'foreach() argument must be of type array|object, null given', 'C:\\Users\\PC\\laragon\\www\\BALMES-CARINGAL-MANALO-FINALPROJECT\\backend\\app\\Controllers\\MainController.php', 112)
 2 SYSTEMPATH\CodeIgniter.php(942): App\Controllers\MainController->fetchData()
 3 SYSTEMPATH\CodeIgniter.php(502): CodeIgniter\CodeIgniter->runController(Object(App\Controllers\MainController))
 4 SYSTEMPATH\CodeIgniter.php(361): CodeIgniter\CodeIgniter->handleRequest(null, Object(Config\Cache), false)
 5 FCPATH\index.php(85): CodeIgniter\CodeIgniter->run()
CRITICAL - 2023-11-18 08:25:56 --> foreach() argument must be of type array|object, null given
in APPPATH\Controllers\MainController.php on line 112.
 1 APPPATH\Controllers\MainController.php(112): CodeIgniter\Debug\Exceptions->errorHandler(2, 'foreach() argument must be of type array|object, null given', 'C:\\Users\\PC\\laragon\\www\\BALMES-CARINGAL-MANALO-FINALPROJECT\\backend\\app\\Controllers\\MainController.php', 112)
 2 SYSTEMPATH\CodeIgniter.php(942): App\Controllers\MainController->fetchData()
 3 SYSTEMPATH\CodeIgniter.php(502): CodeIgniter\CodeIgniter->runController(Object(App\Controllers\MainController))
 4 SYSTEMPATH\CodeIgniter.php(361): CodeIgniter\CodeIgniter->handleRequest(null, Object(Config\Cache), false)
 5 FCPATH\index.php(85): CodeIgniter\CodeIgniter->run()
CRITICAL - 2023-11-18 08:26:03 --> foreach() argument must be of type array|object, null given
in APPPATH\Controllers\MainController.php on line 112.
 1 APPPATH\Controllers\MainController.php(112): CodeIgniter\Debug\Exceptions->errorHandler(2, 'foreach() argument must be of type array|object, null given', 'C:\\Users\\PC\\laragon\\www\\BALMES-CARINGAL-MANALO-FINALPROJECT\\backend\\app\\Controllers\\MainController.php', 112)
 2 SYSTEMPATH\CodeIgniter.php(942): App\Controllers\MainController->fetchData()
 3 SYSTEMPATH\CodeIgniter.php(502): CodeIgniter\CodeIgniter->runController(Object(App\Controllers\MainController))
 4 SYSTEMPATH\CodeIgniter.php(361): CodeIgniter\CodeIgniter->handleRequest(null, Object(Config\Cache), false)
 5 FCPATH\index.php(85): CodeIgniter\CodeIgniter->run()
CRITICAL - 2023-11-18 08:26:15 --> foreach() argument must be of type array|object, null given
in APPPATH\Controllers\MainController.php on line 112.
 1 APPPATH\Controllers\MainController.php(112): CodeIgniter\Debug\Exceptions->errorHandler(2, 'foreach() argument must be of type array|object, null given', 'C:\\Users\\PC\\laragon\\www\\BALMES-CARINGAL-MANALO-FINALPROJECT\\backend\\app\\Controllers\\MainController.php', 112)
 2 SYSTEMPATH\CodeIgniter.php(942): App\Controllers\MainController->fetchData()
 3 SYSTEMPATH\CodeIgniter.php(502): CodeIgniter\CodeIgniter->runController(Object(App\Controllers\MainController))
 4 SYSTEMPATH\CodeIgniter.php(361): CodeIgniter\CodeIgniter->handleRequest(null, Object(Config\Cache), false)
 5 FCPATH\index.php(85): CodeIgniter\CodeIgniter->run()
CRITICAL - 2023-11-18 08:27:01 --> foreach() argument must be of type array|object, null given
in APPPATH\Controllers\MainController.php on line 112.
 1 APPPATH\Controllers\MainController.php(112): CodeIgniter\Debug\Exceptions->errorHandler(2, 'foreach() argument must be of type array|object, null given', 'C:\\Users\\PC\\laragon\\www\\BALMES-CARINGAL-MANALO-FINALPROJECT\\backend\\app\\Controllers\\MainController.php', 112)
 2 SYSTEMPATH\CodeIgniter.php(942): App\Controllers\MainController->fetchData()
 3 SYSTEMPATH\CodeIgniter.php(502): CodeIgniter\CodeIgniter->runController(Object(App\Controllers\MainController))
 4 SYSTEMPATH\CodeIgniter.php(361): CodeIgniter\CodeIgniter->handleRequest(null, Object(Config\Cache), false)
 5 FCPATH\index.php(85): CodeIgniter\CodeIgniter->run()
CRITICAL - 2023-11-18 08:28:30 --> foreach() argument must be of type array|object, null given
in APPPATH\Controllers\MainController.php on line 112.
 1 APPPATH\Controllers\MainController.php(112): CodeIgniter\Debug\Exceptions->errorHandler(2, 'foreach() argument must be of type array|object, null given', 'C:\\Users\\PC\\laragon\\www\\BALMES-CARINGAL-MANALO-FINALPROJECT\\backend\\app\\Controllers\\MainController.php', 112)
 2 SYSTEMPATH\CodeIgniter.php(942): App\Controllers\MainController->fetchData()
 3 SYSTEMPATH\CodeIgniter.php(502): CodeIgniter\CodeIgniter->runController(Object(App\Controllers\MainController))
 4 SYSTEMPATH\CodeIgniter.php(361): CodeIgniter\CodeIgniter->handleRequest(null, Object(Config\Cache), false)
 5 FCPATH\index.php(85): CodeIgniter\CodeIgniter->run()
CRITICAL - 2023-11-18 08:28:33 --> foreach() argument must be of type array|object, null given
in APPPATH\Controllers\MainController.php on line 112.
 1 APPPATH\Controllers\MainController.php(112): CodeIgniter\Debug\Exceptions->errorHandler(2, 'foreach() argument must be of type array|object, null given', 'C:\\Users\\PC\\laragon\\www\\BALMES-CARINGAL-MANALO-FINALPROJECT\\backend\\app\\Controllers\\MainController.php', 112)
 2 SYSTEMPATH\CodeIgniter.php(942): App\Controllers\MainController->fetchData()
 3 SYSTEMPATH\CodeIgniter.php(502): CodeIgniter\CodeIgniter->runController(Object(App\Controllers\MainController))
 4 SYSTEMPATH\CodeIgniter.php(361): CodeIgniter\CodeIgniter->handleRequest(null, Object(Config\Cache), false)
 5 FCPATH\index.php(85): CodeIgniter\CodeIgniter->run()
CRITICAL - 2023-11-18 08:29:03 --> foreach() argument must be of type array|object, null given
in APPPATH\Controllers\MainController.php on line 112.
 1 APPPATH\Controllers\MainController.php(112): CodeIgniter\Debug\Exceptions->errorHandler(2, 'foreach() argument must be of type array|object, null given', 'C:\\Users\\PC\\laragon\\www\\BALMES-CARINGAL-MANALO-FINALPROJECT\\backend\\app\\Controllers\\MainController.php', 112)
 2 SYSTEMPATH\CodeIgniter.php(942): App\Controllers\MainController->fetchData()
 3 SYSTEMPATH\CodeIgniter.php(502): CodeIgniter\CodeIgniter->runController(Object(App\Controllers\MainController))
 4 SYSTEMPATH\CodeIgniter.php(361): CodeIgniter\CodeIgniter->handleRequest(null, Object(Config\Cache), false)
 5 FCPATH\index.php(85): CodeIgniter\CodeIgniter->run()
CRITICAL - 2023-11-18 08:29:12 --> foreach() argument must be of type array|object, null given
in APPPATH\Controllers\MainController.php on line 112.
 1 APPPATH\Controllers\MainController.php(112): CodeIgniter\Debug\Exceptions->errorHandler(2, 'foreach() argument must be of type array|object, null given', 'C:\\Users\\PC\\laragon\\www\\BALMES-CARINGAL-MANALO-FINALPROJECT\\backend\\app\\Controllers\\MainController.php', 112)
 2 SYSTEMPATH\CodeIgniter.php(942): App\Controllers\MainController->fetchData()
 3 SYSTEMPATH\CodeIgniter.php(502): CodeIgniter\CodeIgniter->runController(Object(App\Controllers\MainController))
 4 SYSTEMPATH\CodeIgniter.php(361): CodeIgniter\CodeIgniter->handleRequest(null, Object(Config\Cache), false)
 5 FCPATH\index.php(85): CodeIgniter\CodeIgniter->run()
CRITICAL - 2023-11-18 08:29:13 --> foreach() argument must be of type array|object, null given
in APPPATH\Controllers\MainController.php on line 112.
 1 APPPATH\Controllers\MainController.php(112): CodeIgniter\Debug\Exceptions->errorHandler(2, 'foreach() argument must be of type array|object, null given', 'C:\\Users\\PC\\laragon\\www\\BALMES-CARINGAL-MANALO-FINALPROJECT\\backend\\app\\Controllers\\MainController.php', 112)
 2 SYSTEMPATH\CodeIgniter.php(942): App\Controllers\MainController->fetchData()
 3 SYSTEMPATH\CodeIgniter.php(502): CodeIgniter\CodeIgniter->runController(Object(App\Controllers\MainController))
 4 SYSTEMPATH\CodeIgniter.php(361): CodeIgniter\CodeIgniter->handleRequest(null, Object(Config\Cache), false)
 5 FCPATH\index.php(85): CodeIgniter\CodeIgniter->run()
CRITICAL - 2023-11-18 08:29:15 --> foreach() argument must be of type array|object, null given
in APPPATH\Controllers\MainController.php on line 112.
 1 APPPATH\Controllers\MainController.php(112): CodeIgniter\Debug\Exceptions->errorHandler(2, 'foreach() argument must be of type array|object, null given', 'C:\\Users\\PC\\laragon\\www\\BALMES-CARINGAL-MANALO-FINALPROJECT\\backend\\app\\Controllers\\MainController.php', 112)
 2 SYSTEMPATH\CodeIgniter.php(942): App\Controllers\MainController->fetchData()
 3 SYSTEMPATH\CodeIgniter.php(502): CodeIgniter\CodeIgniter->runController(Object(App\Controllers\MainController))
 4 SYSTEMPATH\CodeIgniter.php(361): CodeIgniter\CodeIgniter->handleRequest(null, Object(Config\Cache), false)
 5 FCPATH\index.php(85): CodeIgniter\CodeIgniter->run()
CRITICAL - 2023-11-18 08:29:52 --> foreach() argument must be of type array|object, null given
in APPPATH\Controllers\MainController.php on line 112.
 1 APPPATH\Controllers\MainController.php(112): CodeIgniter\Debug\Exceptions->errorHandler(2, 'foreach() argument must be of type array|object, null given', 'C:\\Users\\PC\\laragon\\www\\BALMES-CARINGAL-MANALO-FINALPROJECT\\backend\\app\\Controllers\\MainController.php', 112)
 2 SYSTEMPATH\CodeIgniter.php(942): App\Controllers\MainController->fetchData()
 3 SYSTEMPATH\CodeIgniter.php(502): CodeIgniter\CodeIgniter->runController(Object(App\Controllers\MainController))
 4 SYSTEMPATH\CodeIgniter.php(361): CodeIgniter\CodeIgniter->handleRequest(null, Object(Config\Cache), false)
 5 FCPATH\index.php(85): CodeIgniter\CodeIgniter->run()
CRITICAL - 2023-11-18 08:29:54 --> foreach() argument must be of type array|object, null given
in APPPATH\Controllers\MainController.php on line 112.
 1 APPPATH\Controllers\MainController.php(112): CodeIgniter\Debug\Exceptions->errorHandler(2, 'foreach() argument must be of type array|object, null given', 'C:\\Users\\PC\\laragon\\www\\BALMES-CARINGAL-MANALO-FINALPROJECT\\backend\\app\\Controllers\\MainController.php', 112)
 2 SYSTEMPATH\CodeIgniter.php(942): App\Controllers\MainController->fetchData()
 3 SYSTEMPATH\CodeIgniter.php(502): CodeIgniter\CodeIgniter->runController(Object(App\Controllers\MainController))
 4 SYSTEMPATH\CodeIgniter.php(361): CodeIgniter\CodeIgniter->handleRequest(null, Object(Config\Cache), false)
 5 FCPATH\index.php(85): CodeIgniter\CodeIgniter->run()
CRITICAL - 2023-11-18 08:29:58 --> foreach() argument must be of type array|object, null given
in APPPATH\Controllers\MainController.php on line 112.
 1 APPPATH\Controllers\MainController.php(112): CodeIgniter\Debug\Exceptions->errorHandler(2, 'foreach() argument must be of type array|object, null given', 'C:\\Users\\PC\\laragon\\www\\BALMES-CARINGAL-MANALO-FINALPROJECT\\backend\\app\\Controllers\\MainController.php', 112)
 2 SYSTEMPATH\CodeIgniter.php(942): App\Controllers\MainController->fetchData()
 3 SYSTEMPATH\CodeIgniter.php(502): CodeIgniter\CodeIgniter->runController(Object(App\Controllers\MainController))
 4 SYSTEMPATH\CodeIgniter.php(361): CodeIgniter\CodeIgniter->handleRequest(null, Object(Config\Cache), false)
 5 FCPATH\index.php(85): CodeIgniter\CodeIgniter->run()
CRITICAL - 2023-11-18 08:30:23 --> foreach() argument must be of type array|object, null given
in APPPATH\Controllers\MainController.php on line 112.
 1 APPPATH\Controllers\MainController.php(112): CodeIgniter\Debug\Exceptions->errorHandler(2, 'foreach() argument must be of type array|object, null given', 'C:\\Users\\PC\\laragon\\www\\BALMES-CARINGAL-MANALO-FINALPROJECT\\backend\\app\\Controllers\\MainController.php', 112)
 2 SYSTEMPATH\CodeIgniter.php(942): App\Controllers\MainController->fetchData()
 3 SYSTEMPATH\CodeIgniter.php(502): CodeIgniter\CodeIgniter->runController(Object(App\Controllers\MainController))
 4 SYSTEMPATH\CodeIgniter.php(361): CodeIgniter\CodeIgniter->handleRequest(null, Object(Config\Cache), false)
 5 FCPATH\index.php(85): CodeIgniter\CodeIgniter->run()
CRITICAL - 2023-11-18 08:30:35 --> foreach() argument must be of type array|object, null given
in APPPATH\Controllers\MainController.php on line 112.
 1 APPPATH\Controllers\MainController.php(112): CodeIgniter\Debug\Exceptions->errorHandler(2, 'foreach() argument must be of type array|object, null given', 'C:\\Users\\PC\\laragon\\www\\BALMES-CARINGAL-MANALO-FINALPROJECT\\backend\\app\\Controllers\\MainController.php', 112)
 2 SYSTEMPATH\CodeIgniter.php(942): App\Controllers\MainController->fetchData()
 3 SYSTEMPATH\CodeIgniter.php(502): CodeIgniter\CodeIgniter->runController(Object(App\Controllers\MainController))
 4 SYSTEMPATH\CodeIgniter.php(361): CodeIgniter\CodeIgniter->handleRequest(null, Object(Config\Cache), false)
 5 FCPATH\index.php(85): CodeIgniter\CodeIgniter->run()
CRITICAL - 2023-11-18 08:30:37 --> foreach() argument must be of type array|object, null given
in APPPATH\Controllers\MainController.php on line 112.
 1 APPPATH\Controllers\MainController.php(112): CodeIgniter\Debug\Exceptions->errorHandler(2, 'foreach() argument must be of type array|object, null given', 'C:\\Users\\PC\\laragon\\www\\BALMES-CARINGAL-MANALO-FINALPROJECT\\backend\\app\\Controllers\\MainController.php', 112)
 2 SYSTEMPATH\CodeIgniter.php(942): App\Controllers\MainController->fetchData()
 3 SYSTEMPATH\CodeIgniter.php(502): CodeIgniter\CodeIgniter->runController(Object(App\Controllers\MainController))
 4 SYSTEMPATH\CodeIgniter.php(361): CodeIgniter\CodeIgniter->handleRequest(null, Object(Config\Cache), false)
 5 FCPATH\index.php(85): CodeIgniter\CodeIgniter->run()
